device: cuda   steps=15000  seeds=[0, 1, 2]  eval_every=500
[tokens] loaded cache: 250,260 games, 1767 cards
[split] train=121  val=20  eval=44  (no overlap asserted)
[baseline44] rebuilt 'both' on the 44 eval users

=== Overfit sanity (8 users; training re-ID must approach 1.0) ===
D:\test\stylometry_ge2e.py:163: UserWarning: enable_nested_tensor is True, but self.use_nested_tensor is False because encoder_layer.norm_first was True
  self.enc = nn.TransformerEncoder(layer, n_layers)
[sanity] 8-user training re-ID full-pool top-1 @N=20 = 1.000 (chance 0.125)  -> PASS

=== Variant a_embed  {'card_mode': 'embed', 'encoder': 'transformer', 'adversarial': False} ===
D:\test\stylometry_ge2e.py:163: UserWarning: enable_nested_tensor is True, but self.use_nested_tensor is False because encoder_layer.norm_first was True
  self.enc = nn.TransformerEncoder(layer, n_layers)
    [a_embed.s0] step   500  loss 1.696  val matched-C10@N20 0.812  (best 0.812)
    [a_embed.s0] step  1000  loss 1.510  val matched-C10@N20 0.879  (best 0.879)
    [a_embed.s0] step  1500  loss 1.398  val matched-C10@N20 0.903  (best 0.903)
    [a_embed.s0] step  2000  loss 0.803  val matched-C10@N20 0.976  (best 0.976)
    [a_embed.s0] step  2500  loss 1.415  val matched-C10@N20 0.892  (best 0.976)
    [a_embed.s0] step  3000  loss 0.837  val matched-C10@N20 0.976  (best 0.976)
    [a_embed.s0] step  3500  loss 1.351  val matched-C10@N20 0.882  (best 0.976)
    [a_embed.s0] step  4000  loss 0.474  val matched-C10@N20 0.916  (best 0.976)
    [a_embed.s0] step  4500  loss 1.078  val matched-C10@N20 0.953  (best 0.976)
    [a_embed.s0] step  5000  loss 0.936  val matched-C10@N20 0.953  (best 0.976)
    [a_embed.s0] step  5500  loss 0.969  val matched-C10@N20 0.909  (best 0.976)
    [a_embed.s0] step  6000  loss 0.544  val matched-C10@N20 0.929  (best 0.976)
    [a_embed.s0] step  6500  loss 0.771  val matched-C10@N20 0.903  (best 0.976)
    [a_embed.s0] step  7000  loss 0.549  val matched-C10@N20 0.905  (best 0.976)
    [a_embed.s0] step  7500  loss 0.830  val matched-C10@N20 0.929  (best 0.976)
    [a_embed.s0] step  8000  loss 1.102  val matched-C10@N20 0.868  (best 0.976)
    [a_embed.s0] step  8500  loss 0.755  val matched-C10@N20 0.929  (best 0.976)
    [a_embed.s0] step  9000  loss 0.898  val matched-C10@N20 0.868  (best 0.976)
    [a_embed.s0] step  9500  loss 0.673  val matched-C10@N20 0.905  (best 0.976)
    [a_embed.s0] step 10000  loss 0.741  val matched-C10@N20 0.929  (best 0.976)
    [a_embed.s0] step 10500  loss 0.650  val matched-C10@N20 0.953  (best 0.976)
    [a_embed.s0] step 11000  loss 0.696  val matched-C10@N20 0.953  (best 0.976)
    [a_embed.s0] step 11500  loss 0.328  val matched-C10@N20 0.929  (best 0.976)
    [a_embed.s0] step 12000  loss 0.927  val matched-C10@N20 0.905  (best 0.976)
    [a_embed.s0] step 12500  loss 0.717  val matched-C10@N20 0.905  (best 0.976)
    [a_embed.s0] step 13000  loss 0.685  val matched-C10@N20 0.882  (best 0.976)
    [a_embed.s0] step 13500  loss 0.477  val matched-C10@N20 0.882  (best 0.976)
    [a_embed.s0] step 14000  loss 0.887  val matched-C10@N20 0.882  (best 0.976)
    [a_embed.s0] step 14500  loss 0.784  val matched-C10@N20 0.905  (best 0.976)
    [a_embed.s0] step 15000  loss 0.486  val matched-C10@N20 0.882  (best 0.976)
  [a_embed seed0] best val 0.976 @step 2000
D:\test\stylometry_ge2e.py:163: UserWarning: enable_nested_tensor is True, but self.use_nested_tensor is False because encoder_layer.norm_first was True
  self.enc = nn.TransformerEncoder(layer, n_layers)
    [a_embed.s1] step   500  loss 1.870  val matched-C10@N20 0.785  (best 0.785)
    [a_embed.s1] step  1000  loss 1.694  val matched-C10@N20 0.859  (best 0.859)
    [a_embed.s1] step  1500  loss 1.382  val matched-C10@N20 0.828  (best 0.859)
    [a_embed.s1] step  2000  loss 1.170  val matched-C10@N20 0.860  (best 0.860)
    [a_embed.s1] step  2500  loss 1.414  val matched-C10@N20 0.904  (best 0.904)
    [a_embed.s1] step  3000  loss 1.078  val matched-C10@N20 0.904  (best 0.904)
    [a_embed.s1] step  3500  loss 1.230  val matched-C10@N20 0.916  (best 0.916)
    [a_embed.s1] step  4000  loss 1.145  val matched-C10@N20 0.885  (best 0.916)
    [a_embed.s1] step  4500  loss 1.210  val matched-C10@N20 0.939  (best 0.939)
    [a_embed.s1] step  5000  loss 1.103  val matched-C10@N20 0.956  (best 0.956)
    [a_embed.s1] step  5500  loss 0.757  val matched-C10@N20 0.872  (best 0.956)
    [a_embed.s1] step  6000  loss 0.664  val matched-C10@N20 0.903  (best 0.956)
    [a_embed.s1] step  6500  loss 0.832  val matched-C10@N20 0.889  (best 0.956)
    [a_embed.s1] step  7000  loss 0.395  val matched-C10@N20 0.927  (best 0.956)
    [a_embed.s1] step  7500  loss 0.485  val matched-C10@N20 0.892  (best 0.956)
    [a_embed.s1] step  8000  loss 0.410  val matched-C10@N20 0.877  (best 0.956)
    [a_embed.s1] step  8500  loss 0.850  val matched-C10@N20 0.914  (best 0.956)
    [a_embed.s1] step  9000  loss 0.904  val matched-C10@N20 0.854  (best 0.956)
    [a_embed.s1] step  9500  loss 1.262  val matched-C10@N20 0.866  (best 0.956)
    [a_embed.s1] step 10000  loss 0.929  val matched-C10@N20 0.836  (best 0.956)
    [a_embed.s1] step 10500  loss 0.271  val matched-C10@N20 0.860  (best 0.956)
    [a_embed.s1] step 11000  loss 0.512  val matched-C10@N20 0.846  (best 0.956)
    [a_embed.s1] step 11500  loss 0.591  val matched-C10@N20 0.848  (best 0.956)
    [a_embed.s1] step 12000  loss 0.328  val matched-C10@N20 0.867  (best 0.956)
    [a_embed.s1] step 12500  loss 0.360  val matched-C10@N20 0.825  (best 0.956)
    [a_embed.s1] step 13000  loss 0.654  val matched-C10@N20 0.825  (best 0.956)
    [a_embed.s1] step 13500  loss 0.787  val matched-C10@N20 0.843  (best 0.956)
    [a_embed.s1] step 14000  loss 0.817  val matched-C10@N20 0.832  (best 0.956)
    [a_embed.s1] step 14500  loss 0.693  val matched-C10@N20 0.825  (best 0.956)
    [a_embed.s1] step 15000  loss 0.541  val matched-C10@N20 0.825  (best 0.956)
  [a_embed seed1] best val 0.956 @step 5000
D:\test\stylometry_ge2e.py:163: UserWarning: enable_nested_tensor is True, but self.use_nested_tensor is False because encoder_layer.norm_first was True
  self.enc = nn.TransformerEncoder(layer, n_layers)
    [a_embed.s2] step   500  loss 1.828  val matched-C10@N20 1.000  (best 1.000)
    [a_embed.s2] step  1000  loss 1.337  val matched-C10@N20 0.963  (best 1.000)
    [a_embed.s2] step  1500  loss 1.655  val matched-C10@N20 0.939  (best 1.000)
    [a_embed.s2] step  2000  loss 1.338  val matched-C10@N20 0.903  (best 1.000)
    [a_embed.s2] step  2500  loss 1.439  val matched-C10@N20 0.903  (best 1.000)
    [a_embed.s2] step  3000  loss 1.026  val matched-C10@N20 0.879  (best 1.000)
    [a_embed.s2] step  3500  loss 1.242  val matched-C10@N20 0.903  (best 1.000)
    [a_embed.s2] step  4000  loss 1.322  val matched-C10@N20 0.846  (best 1.000)
    [a_embed.s2] step  4500  loss 0.844  val matched-C10@N20 0.896  (best 1.000)
    [a_embed.s2] step  5000  loss 0.452  val matched-C10@N20 0.926  (best 1.000)
    [a_embed.s2] step  5500  loss 0.982  val matched-C10@N20 0.926  (best 1.000)
    [a_embed.s2] step  6000  loss 0.487  val matched-C10@N20 0.879  (best 1.000)
    [a_embed.s2] step  6500  loss 0.638  val matched-C10@N20 0.889  (best 1.000)
    [a_embed.s2] step  7000  loss 1.215  val matched-C10@N20 0.903  (best 1.000)
    [a_embed.s2] step  7500  loss 0.574  val matched-C10@N20 0.939  (best 1.000)
    [a_embed.s2] step  8000  loss 0.456  val matched-C10@N20 0.916  (best 1.000)
    [a_embed.s2] step  8500  loss 0.734  val matched-C10@N20 0.976  (best 1.000)
    [a_embed.s2] step  9000  loss 1.086  val matched-C10@N20 0.926  (best 1.000)
    [a_embed.s2] step  9500  loss 0.815  val matched-C10@N20 0.939  (best 1.000)
    [a_embed.s2] step 10000  loss 1.205  val matched-C10@N20 0.916  (best 1.000)
    [a_embed.s2] step 10500  loss 0.318  val matched-C10@N20 0.903  (best 1.000)
    [a_embed.s2] step 11000  loss 0.561  val matched-C10@N20 0.909  (best 1.000)
    [a_embed.s2] step 11500  loss 0.283  val matched-C10@N20 0.939  (best 1.000)
    [a_embed.s2] step 12000  loss 0.485  val matched-C10@N20 0.926  (best 1.000)
    [a_embed.s2] step 12500  loss 0.531  val matched-C10@N20 0.939  (best 1.000)
    [a_embed.s2] step 13000  loss 0.648  val matched-C10@N20 0.926  (best 1.000)
    [a_embed.s2] step 13500  loss 0.577  val matched-C10@N20 0.889  (best 1.000)
    [a_embed.s2] step 14000  loss 0.633  val matched-C10@N20 0.889  (best 1.000)
    [a_embed.s2] step 14500  loss 0.577  val matched-C10@N20 0.903  (best 1.000)
    [a_embed.s2] step 15000  loss 0.310  val matched-C10@N20 0.903  (best 1.000)
  [a_embed seed2] best val 1.000 @step 500

=== Variant b_lsa  {'card_mode': 'lsa', 'encoder': 'transformer', 'adversarial': False} ===
[lsa] loaded cached card vectors (3014 cards, dim 32)
D:\test\stylometry_ge2e.py:163: UserWarning: enable_nested_tensor is True, but self.use_nested_tensor is False because encoder_layer.norm_first was True
  self.enc = nn.TransformerEncoder(layer, n_layers)
    [b_lsa.s0] step   500  loss 1.849  val matched-C10@N20 0.872  (best 0.872)
    [b_lsa.s0] step  1000  loss 1.700  val matched-C10@N20 0.916  (best 0.916)
    [b_lsa.s0] step  1500  loss 1.692  val matched-C10@N20 0.916  (best 0.916)
    [b_lsa.s0] step  2000  loss 1.051  val matched-C10@N20 0.933  (best 0.933)
    [b_lsa.s0] step  2500  loss 1.631  val matched-C10@N20 0.848  (best 0.933)
    [b_lsa.s0] step  3000  loss 0.954  val matched-C10@N20 0.867  (best 0.933)
    [b_lsa.s0] step  3500  loss 1.467  val matched-C10@N20 0.916  (best 0.933)
    [b_lsa.s0] step  4000  loss 0.599  val matched-C10@N20 0.885  (best 0.933)
    [b_lsa.s0] step  4500  loss 1.276  val matched-C10@N20 0.879  (best 0.933)
    [b_lsa.s0] step  5000  loss 1.121  val matched-C10@N20 1.000  (best 1.000)
    [b_lsa.s0] step  5500  loss 1.188  val matched-C10@N20 0.933  (best 1.000)
    [b_lsa.s0] step  6000  loss 0.603  val matched-C10@N20 0.916  (best 1.000)
    [b_lsa.s0] step  6500  loss 0.885  val matched-C10@N20 0.939  (best 1.000)
    [b_lsa.s0] step  7000  loss 0.630  val matched-C10@N20 0.939  (best 1.000)
    [b_lsa.s0] step  7500  loss 0.948  val matched-C10@N20 0.929  (best 1.000)
    [b_lsa.s0] step  8000  loss 1.286  val matched-C10@N20 1.000  (best 1.000)
    [b_lsa.s0] step  8500  loss 0.955  val matched-C10@N20 0.929  (best 1.000)
    [b_lsa.s0] step  9000  loss 1.174  val matched-C10@N20 0.976  (best 1.000)
    [b_lsa.s0] step  9500  loss 0.798  val matched-C10@N20 0.916  (best 1.000)
    [b_lsa.s0] step 10000  loss 0.795  val matched-C10@N20 0.963  (best 1.000)
    [b_lsa.s0] step 10500  loss 0.774  val matched-C10@N20 0.976  (best 1.000)
    [b_lsa.s0] step 11000  loss 0.671  val matched-C10@N20 0.976  (best 1.000)
    [b_lsa.s0] step 11500  loss 0.396  val matched-C10@N20 0.976  (best 1.000)
    [b_lsa.s0] step 12000  loss 0.961  val matched-C10@N20 0.976  (best 1.000)
    [b_lsa.s0] step 12500  loss 0.956  val matched-C10@N20 0.976  (best 1.000)
    [b_lsa.s0] step 13000  loss 0.756  val matched-C10@N20 0.953  (best 1.000)
    [b_lsa.s0] step 13500  loss 0.594  val matched-C10@N20 0.953  (best 1.000)
    [b_lsa.s0] step 14000  loss 1.181  val matched-C10@N20 0.953  (best 1.000)
    [b_lsa.s0] step 14500  loss 0.893  val matched-C10@N20 0.976  (best 1.000)
    [b_lsa.s0] step 15000  loss 0.743  val matched-C10@N20 0.953  (best 1.000)
  [b_lsa seed0] best val 1.000 @step 5000
[lsa] loaded cached card vectors (3014 cards, dim 32)
D:\test\stylometry_ge2e.py:163: UserWarning: enable_nested_tensor is True, but self.use_nested_tensor is False because encoder_layer.norm_first was True
  self.enc = nn.TransformerEncoder(layer, n_layers)
    [b_lsa.s1] step   500  loss 1.982  val matched-C10@N20 0.832  (best 0.832)
    [b_lsa.s1] step  1000  loss 2.000  val matched-C10@N20 0.821  (best 0.832)
    [b_lsa.s1] step  1500  loss 1.754  val matched-C10@N20 0.892  (best 0.892)
    [b_lsa.s1] step  2000  loss 1.419  val matched-C10@N20 0.879  (best 0.892)
    [b_lsa.s1] step  2500  loss 1.739  val matched-C10@N20 0.916  (best 0.916)
    [b_lsa.s1] step  3000  loss 1.238  val matched-C10@N20 0.754  (best 0.916)
    [b_lsa.s1] step  3500  loss 1.484  val matched-C10@N20 0.834  (best 0.916)
    [b_lsa.s1] step  4000  loss 1.428  val matched-C10@N20 0.847  (best 0.916)
    [b_lsa.s1] step  4500  loss 1.418  val matched-C10@N20 0.865  (best 0.916)
    [b_lsa.s1] step  5000  loss 1.352  val matched-C10@N20 0.865  (best 0.916)
    [b_lsa.s1] step  5500  loss 1.067  val matched-C10@N20 0.903  (best 0.916)
    [b_lsa.s1] step  6000  loss 0.590  val matched-C10@N20 0.839  (best 0.916)
    [b_lsa.s1] step  6500  loss 1.033  val matched-C10@N20 0.859  (best 0.916)
    [b_lsa.s1] step  7000  loss 0.470  val matched-C10@N20 0.842  (best 0.916)
    [b_lsa.s1] step  7500  loss 0.595  val matched-C10@N20 0.896  (best 0.916)
    [b_lsa.s1] step  8000  loss 0.564  val matched-C10@N20 0.854  (best 0.916)
    [b_lsa.s1] step  8500  loss 0.860  val matched-C10@N20 0.890  (best 0.916)
    [b_lsa.s1] step  9000  loss 0.945  val matched-C10@N20 0.840  (best 0.916)
    [b_lsa.s1] step  9500  loss 1.385  val matched-C10@N20 0.855  (best 0.916)
    [b_lsa.s1] step 10000  loss 1.184  val matched-C10@N20 0.838  (best 0.916)
    [b_lsa.s1] step 10500  loss 0.305  val matched-C10@N20 0.867  (best 0.916)
    [b_lsa.s1] step 11000  loss 0.643  val matched-C10@N20 0.817  (best 0.916)
    [b_lsa.s1] step 11500  loss 0.724  val matched-C10@N20 0.870  (best 0.916)
    [b_lsa.s1] step 12000  loss 0.495  val matched-C10@N20 0.860  (best 0.916)
    [b_lsa.s1] step 12500  loss 0.378  val matched-C10@N20 0.827  (best 0.916)
    [b_lsa.s1] step 13000  loss 0.784  val matched-C10@N20 0.868  (best 0.916)
    [b_lsa.s1] step 13500  loss 0.812  val matched-C10@N20 0.854  (best 0.916)
    [b_lsa.s1] step 14000  loss 0.945  val matched-C10@N20 0.855  (best 0.916)
    [b_lsa.s1] step 14500  loss 1.061  val matched-C10@N20 0.854  (best 0.916)
    [b_lsa.s1] step 15000  loss 0.511  val matched-C10@N20 0.854  (best 0.916)
  [b_lsa seed1] best val 0.916 @step 2500
[lsa] loaded cached card vectors (3014 cards, dim 32)
D:\test\stylometry_ge2e.py:163: UserWarning: enable_nested_tensor is True, but self.use_nested_tensor is False because encoder_layer.norm_first was True
  self.enc = nn.TransformerEncoder(layer, n_layers)
    [b_lsa.s2] step   500  loss 1.972  val matched-C10@N20 0.758  (best 0.758)
    [b_lsa.s2] step  1000  loss 1.720  val matched-C10@N20 0.929  (best 0.929)
    [b_lsa.s2] step  1500  loss 1.807  val matched-C10@N20 0.939  (best 0.939)
    [b_lsa.s2] step  2000  loss 1.588  val matched-C10@N20 0.892  (best 0.939)
    [b_lsa.s2] step  2500  loss 1.758  val matched-C10@N20 0.903  (best 0.939)
    [b_lsa.s2] step  3000  loss 1.408  val matched-C10@N20 0.839  (best 0.939)
    [b_lsa.s2] step  3500  loss 1.461  val matched-C10@N20 0.916  (best 0.939)
    [b_lsa.s2] step  4000  loss 1.450  val matched-C10@N20 0.869  (best 0.939)
    [b_lsa.s2] step  4500  loss 1.122  val matched-C10@N20 0.828  (best 0.939)
    [b_lsa.s2] step  5000  loss 0.682  val matched-C10@N20 0.811  (best 0.939)
    [b_lsa.s2] step  5500  loss 1.290  val matched-C10@N20 0.748  (best 0.939)
    [b_lsa.s2] step  6000  loss 0.651  val matched-C10@N20 0.798  (best 0.939)
    [b_lsa.s2] step  6500  loss 0.759  val matched-C10@N20 0.774  (best 0.939)
    [b_lsa.s2] step  7000  loss 1.462  val matched-C10@N20 0.775  (best 0.939)
    [b_lsa.s2] step  7500  loss 0.842  val matched-C10@N20 0.749  (best 0.939)
    [b_lsa.s2] step  8000  loss 0.606  val matched-C10@N20 0.709  (best 0.939)
    [b_lsa.s2] step  8500  loss 0.841  val matched-C10@N20 0.776  (best 0.939)
    [b_lsa.s2] step  9000  loss 1.117  val matched-C10@N20 0.764  (best 0.939)
    [b_lsa.s2] step  9500  loss 1.001  val matched-C10@N20 0.737  (best 0.939)
    [b_lsa.s2] step 10000  loss 1.238  val matched-C10@N20 0.750  (best 0.939)
    [b_lsa.s2] step 10500  loss 0.383  val matched-C10@N20 0.739  (best 0.939)
    [b_lsa.s2] step 11000  loss 0.668  val matched-C10@N20 0.757  (best 0.939)
    [b_lsa.s2] step 11500  loss 0.383  val matched-C10@N20 0.767  (best 0.939)
    [b_lsa.s2] step 12000  loss 0.681  val matched-C10@N20 0.704  (best 0.939)
    [b_lsa.s2] step 12500  loss 0.518  val matched-C10@N20 0.734  (best 0.939)
    [b_lsa.s2] step 13000  loss 0.936  val matched-C10@N20 0.710  (best 0.939)
    [b_lsa.s2] step 13500  loss 0.700  val matched-C10@N20 0.713  (best 0.939)
    [b_lsa.s2] step 14000  loss 0.815  val matched-C10@N20 0.713  (best 0.939)
    [b_lsa.s2] step 14500  loss 0.833  val matched-C10@N20 0.713  (best 0.939)
    [b_lsa.s2] step 15000  loss 0.508  val matched-C10@N20 0.713  (best 0.939)
  [b_lsa seed2] best val 0.939 @step 1500

=== Variant b_lsa_adv  {'card_mode': 'lsa', 'encoder': 'transformer', 'adversarial': True} ===
[lsa] loaded cached card vectors (3014 cards, dim 32)
D:\test\stylometry_ge2e.py:163: UserWarning: enable_nested_tensor is True, but self.use_nested_tensor is False because encoder_layer.norm_first was True
  self.enc = nn.TransformerEncoder(layer, n_layers)
    [b_lsa_adv.s0] step   500  loss 7.893  val matched-C10@N20 0.953  (best 0.953)
    [b_lsa_adv.s0] step  1000  loss 8.118  val matched-C10@N20 0.856  (best 0.953)
    [b_lsa_adv.s0] step  1500  loss 8.100  val matched-C10@N20 0.882  (best 0.953)
    [b_lsa_adv.s0] step  2000  loss 7.181  val matched-C10@N20 0.882  (best 0.953)
    [b_lsa_adv.s0] step  2500  loss 7.956  val matched-C10@N20 0.806  (best 0.953)
    [b_lsa_adv.s0] step  3000  loss 7.422  val matched-C10@N20 0.953  (best 0.953)
    [b_lsa_adv.s0] step  3500  loss 7.677  val matched-C10@N20 0.892  (best 0.953)
    [b_lsa_adv.s0] step  4000  loss 6.806  val matched-C10@N20 0.892  (best 0.953)
    [b_lsa_adv.s0] step  4500  loss 7.475  val matched-C10@N20 0.866  (best 0.953)
    [b_lsa_adv.s0] step  5000  loss 7.522  val matched-C10@N20 0.903  (best 0.953)
    [b_lsa_adv.s0] step  5500  loss 7.340  val matched-C10@N20 0.879  (best 0.953)
    [b_lsa_adv.s0] step  6000  loss 6.598  val matched-C10@N20 1.000  (best 1.000)
    [b_lsa_adv.s0] step  6500  loss 7.149  val matched-C10@N20 0.933  (best 1.000)
    [b_lsa_adv.s0] step  7000  loss 6.908  val matched-C10@N20 0.905  (best 1.000)
    [b_lsa_adv.s0] step  7500  loss 7.310  val matched-C10@N20 0.929  (best 1.000)
    [b_lsa_adv.s0] step  8000  loss 7.359  val matched-C10@N20 0.916  (best 1.000)
    [b_lsa_adv.s0] step  8500  loss 7.111  val matched-C10@N20 0.845  (best 1.000)
    [b_lsa_adv.s0] step  9000  loss 7.232  val matched-C10@N20 0.929  (best 1.000)
    [b_lsa_adv.s0] step  9500  loss 7.106  val matched-C10@N20 0.892  (best 1.000)
    [b_lsa_adv.s0] step 10000  loss 7.147  val matched-C10@N20 0.929  (best 1.000)
    [b_lsa_adv.s0] step 10500  loss 6.986  val matched-C10@N20 0.929  (best 1.000)
    [b_lsa_adv.s0] step 11000  loss 6.971  val matched-C10@N20 0.903  (best 1.000)
    [b_lsa_adv.s0] step 11500  loss 6.685  val matched-C10@N20 0.896  (best 1.000)
    [b_lsa_adv.s0] step 12000  loss 7.271  val matched-C10@N20 0.896  (best 1.000)
    [b_lsa_adv.s0] step 12500  loss 7.428  val matched-C10@N20 0.879  (best 1.000)
    [b_lsa_adv.s0] step 13000  loss 7.059  val matched-C10@N20 0.903  (best 1.000)
    [b_lsa_adv.s0] step 13500  loss 6.955  val matched-C10@N20 0.896  (best 1.000)
    [b_lsa_adv.s0] step 14000  loss 7.241  val matched-C10@N20 0.903  (best 1.000)
    [b_lsa_adv.s0] step 14500  loss 7.164  val matched-C10@N20 0.896  (best 1.000)
    [b_lsa_adv.s0] step 15000  loss 7.017  val matched-C10@N20 0.903  (best 1.000)
  [b_lsa_adv seed0] best val 1.000 @step 6000
[lsa] loaded cached card vectors (3014 cards, dim 32)
D:\test\stylometry_ge2e.py:163: UserWarning: enable_nested_tensor is True, but self.use_nested_tensor is False because encoder_layer.norm_first was True
  self.enc = nn.TransformerEncoder(layer, n_layers)
    [b_lsa_adv.s1] step   500  loss 8.112  val matched-C10@N20 0.744  (best 0.744)
    [b_lsa_adv.s1] step  1000  loss 8.231  val matched-C10@N20 0.747  (best 0.747)
    [b_lsa_adv.s1] step  1500  loss 8.249  val matched-C10@N20 0.818  (best 0.818)
    [b_lsa_adv.s1] step  2000  loss 7.679  val matched-C10@N20 0.783  (best 0.818)
    [b_lsa_adv.s1] step  2500  loss 7.978  val matched-C10@N20 0.801  (best 0.818)
    [b_lsa_adv.s1] step  3000  loss 7.535  val matched-C10@N20 0.785  (best 0.818)
    [b_lsa_adv.s1] step  3500  loss 7.591  val matched-C10@N20 0.795  (best 0.818)
    [b_lsa_adv.s1] step  4000  loss 7.683  val matched-C10@N20 0.892  (best 0.892)
    [b_lsa_adv.s1] step  4500  loss 7.538  val matched-C10@N20 0.776  (best 0.892)
    [b_lsa_adv.s1] step  5000  loss 7.667  val matched-C10@N20 0.768  (best 0.892)
    [b_lsa_adv.s1] step  5500  loss 7.438  val matched-C10@N20 0.876  (best 0.892)
    [b_lsa_adv.s1] step  6000  loss 6.888  val matched-C10@N20 0.821  (best 0.892)
    [b_lsa_adv.s1] step  6500  loss 7.468  val matched-C10@N20 0.814  (best 0.892)
    [b_lsa_adv.s1] step  7000  loss 6.561  val matched-C10@N20 0.859  (best 0.892)
    [b_lsa_adv.s1] step  7500  loss 7.068  val matched-C10@N20 0.820  (best 0.892)
    [b_lsa_adv.s1] step  8000  loss 6.793  val matched-C10@N20 0.772  (best 0.892)
    [b_lsa_adv.s1] step  8500  loss 7.458  val matched-C10@N20 0.821  (best 0.892)
    [b_lsa_adv.s1] step  9000  loss 7.298  val matched-C10@N20 0.785  (best 0.892)
    [b_lsa_adv.s1] step  9500  loss 7.661  val matched-C10@N20 0.801  (best 0.892)
    [b_lsa_adv.s1] step 10000  loss 7.327  val matched-C10@N20 0.759  (best 0.892)
    [b_lsa_adv.s1] step 10500  loss 6.613  val matched-C10@N20 0.751  (best 0.892)
    [b_lsa_adv.s1] step 11000  loss 6.816  val matched-C10@N20 0.715  (best 0.892)
    [b_lsa_adv.s1] step 11500  loss 7.243  val matched-C10@N20 0.799  (best 0.892)
    [b_lsa_adv.s1] step 12000  loss 6.803  val matched-C10@N20 0.739  (best 0.892)
    [b_lsa_adv.s1] step 12500  loss 6.615  val matched-C10@N20 0.742  (best 0.892)
    [b_lsa_adv.s1] step 13000  loss 7.010  val matched-C10@N20 0.729  (best 0.892)
    [b_lsa_adv.s1] step 13500  loss 7.034  val matched-C10@N20 0.688  (best 0.892)
    [b_lsa_adv.s1] step 14000  loss 7.033  val matched-C10@N20 0.708  (best 0.892)
    [b_lsa_adv.s1] step 14500  loss 7.252  val matched-C10@N20 0.739  (best 0.892)
    [b_lsa_adv.s1] step 15000  loss 6.753  val matched-C10@N20 0.735  (best 0.892)
  [b_lsa_adv seed1] best val 0.892 @step 4000
[lsa] loaded cached card vectors (3014 cards, dim 32)
D:\test\stylometry_ge2e.py:163: UserWarning: enable_nested_tensor is True, but self.use_nested_tensor is False because encoder_layer.norm_first was True
  self.enc = nn.TransformerEncoder(layer, n_layers)
    [b_lsa_adv.s2] step   500  loss 8.016  val matched-C10@N20 0.783  (best 0.783)
    [b_lsa_adv.s2] step  1000  loss 8.021  val matched-C10@N20 0.843  (best 0.843)
    [b_lsa_adv.s2] step  1500  loss 8.079  val matched-C10@N20 0.855  (best 0.855)
    [b_lsa_adv.s2] step  2000  loss 7.714  val matched-C10@N20 0.805  (best 0.855)
    [b_lsa_adv.s2] step  2500  loss 7.920  val matched-C10@N20 0.819  (best 0.855)
    [b_lsa_adv.s2] step  3000  loss 7.727  val matched-C10@N20 0.892  (best 0.892)
    [b_lsa_adv.s2] step  3500  loss 7.715  val matched-C10@N20 0.872  (best 0.892)
    [b_lsa_adv.s2] step  4000  loss 7.923  val matched-C10@N20 0.852  (best 0.892)
    [b_lsa_adv.s2] step  4500  loss 7.236  val matched-C10@N20 0.905  (best 0.905)
    [b_lsa_adv.s2] step  5000  loss 6.786  val matched-C10@N20 0.791  (best 0.905)
    [b_lsa_adv.s2] step  5500  loss 7.509  val matched-C10@N20 0.866  (best 0.905)
    [b_lsa_adv.s2] step  6000  loss 6.971  val matched-C10@N20 0.896  (best 0.905)
    [b_lsa_adv.s2] step  6500  loss 7.198  val matched-C10@N20 0.853  (best 0.905)
    [b_lsa_adv.s2] step  7000  loss 7.682  val matched-C10@N20 0.744  (best 0.905)
    [b_lsa_adv.s2] step  7500  loss 7.000  val matched-C10@N20 0.825  (best 0.905)
    [b_lsa_adv.s2] step  8000  loss 6.919  val matched-C10@N20 0.869  (best 0.905)
    [b_lsa_adv.s2] step  8500  loss 7.089  val matched-C10@N20 0.808  (best 0.905)
    [b_lsa_adv.s2] step  9000  loss 7.369  val matched-C10@N20 0.839  (best 0.905)
    [b_lsa_adv.s2] step  9500  loss 7.268  val matched-C10@N20 0.835  (best 0.905)
    [b_lsa_adv.s2] step 10000  loss 7.573  val matched-C10@N20 0.744  (best 0.905)
    [b_lsa_adv.s2] step 10500  loss 6.595  val matched-C10@N20 0.818  (best 0.905)
    [b_lsa_adv.s2] step 11000  loss 6.999  val matched-C10@N20 0.774  (best 0.905)
    [b_lsa_adv.s2] step 11500  loss 6.700  val matched-C10@N20 0.713  (best 0.905)
    [b_lsa_adv.s2] step 12000  loss 7.010  val matched-C10@N20 0.784  (best 0.905)
    [b_lsa_adv.s2] step 12500  loss 6.651  val matched-C10@N20 0.830  (best 0.905)
    [b_lsa_adv.s2] step 13000  loss 7.492  val matched-C10@N20 0.793  (best 0.905)
    [b_lsa_adv.s2] step 13500  loss 7.063  val matched-C10@N20 0.801  (best 0.905)
    [b_lsa_adv.s2] step 14000  loss 7.099  val matched-C10@N20 0.764  (best 0.905)
    [b_lsa_adv.s2] step 14500  loss 6.957  val matched-C10@N20 0.777  (best 0.905)
    [b_lsa_adv.s2] step 15000  loss 6.630  val matched-C10@N20 0.777  (best 0.905)
  [b_lsa_adv seed2] best val 0.905 @step 4500

Appended 630 rows -> stylometry_out\stylometry_results.csv
Figure -> stylometry_out\fig_stage2_top1_vs_N.png

# Stage 2 -- GE2E learned embeddings (summary)

Open-set: 44 held-out eval users (never trained on), reference/query halves = Stage-1 splits/seeds.  Fingerprint = mean of learned game vectors, matched-C10 retrieval (chance 0.100).  Baseline 'both' is rebuilt on the SAME 44 users.

**Caveat**: eval pool is 44 users vs Stage-1's 164, so full-pool chance differs; matched-C10 is the apples-to-apples comparison.

## matched-C10 top-1 @N=50 (meanÅ}sd over 3 seeds)

| model | all-users | within-class | within-archetype |
|-------|----------:|-------------:|-----------------:|
| baseline 'both' (44u) | 0.823Å}0.000 | 0.842Å}0.000 | 0.500Å}0.000 |
| GE2E (a) embed | 0.982Å}0.007 | 0.975Å}0.022 | 0.967Å}0.047 |
| GE2E (b) LSA | 0.976Å}0.014 | 0.971Å}0.008 | 0.833Å}0.125 |
| GE2E (b)+adversarial | 0.968Å}0.011 | 0.943Å}0.007 | 0.867Å}0.047 |

## Deck-recognition gap (identical pilots; all vs same-archetype distractors)

| model | distractors=all | distractors=archetype | gap |
|-------|----------------:|----------------------:|----:|
| baseline 'both' | 0.983 | 0.500 | 0.483 |
| GE2E (a) embed | 0.997 | 0.967 | 0.030 |
| GE2E (b) LSA | 0.993 | 0.833 | 0.159 |
| GE2E (b)+adv | 0.991 | 0.867 | 0.124 |

## Answers

1. **Beat baseline within-archetype?** baseline 'both' = 0.500; best learned = 0.967. -> YES (matched-C10 top-1 @N=50).
2. **Adversarial shrinks the deck gap?** Controlled comparison is (b) LSA vs (b)+adv (same card rep, +/- gradient-reversal head): (b) gap = 0.159, (b)+adv gap = 0.124. -> YES, smaller. (For reference the deck-leaky learned-embed (a) gap = 0.030, baseline = 0.483.)
3. **Frozen-LSA (b) trades all-users for within-archetype robustness?** (a) all-users 0.982 / within-arch 0.967; (b) all-users 0.976 / within-arch 0.833.

(CPU-reduced run: steps=15000, seeds=[0, 1, 2]. Full spec = 15k steps x 3 seeds; rerun on GPU with default env for final numbers.)

